<?xml version="1.0" encoding="UTF-8"?>
<coverage generated="1688459348661" clover="3.2.0">
  <project timestamp="1688459348661" name="All files">
    <metrics statements="8" coveredstatements="6" conditionals="1" coveredconditionals="0" methods="8" coveredmethods="6" elements="17" coveredelements="12" complexity="0" loc="8" ncloc="8" packages="3" files="3" classes="3"/>
    <package name="src">
      <metrics statements="3" coveredstatements="3" conditionals="0" coveredconditionals="0" methods="2" coveredmethods="2"/>
      <file name="App.tsx" path="F:/Nathan/Misc/GitHub/vitest-vite-react-playground/src/App.tsx">
        <metrics statements="3" coveredstatements="3" conditionals="0" coveredconditionals="0" methods="2" coveredmethods="2"/>
        <line num="5" count="1" type="stmt"/>
        <line num="6" count="1" type="stmt"/>
        <line num="9" count="1" type="stmt"/>
      </file>
    </package>
    <package name="src.lib">
      <metrics statements="1" coveredstatements="1" conditionals="0" coveredconditionals="0" methods="1" coveredmethods="1"/>
      <file name="utils.ts" path="F:/Nathan/Misc/GitHub/vitest-vite-react-playground/src/lib/utils.ts">
        <metrics statements="1" coveredstatements="1" conditionals="0" coveredconditionals="0" methods="1" coveredmethods="1"/>
        <line num="2" count="3" type="stmt"/>
      </file>
    </package>
    <package name="src.tests">
      <metrics statements="4" coveredstatements="2" conditionals="1" coveredconditionals="0" methods="5" coveredmethods="3"/>
      <file name="utils.ts" path="F:/Nathan/Misc/GitHub/vitest-vite-react-playground/src/tests/utils.ts">
        <metrics statements="4" coveredstatements="2" conditionals="1" coveredconditionals="0" methods="5" coveredmethods="3"/>
        <line num="2" count="2" type="stmt"/>
        <line num="6" count="0" type="stmt"/>
        <line num="7" count="0" type="stmt"/>
        <line num="11" count="2" type="stmt"/>
      </file>
    </package>
  </project>
</coverage>
