{"F:/Nathan/Misc/GitHub/vitest-vite-react-playground/src/App.tsx": {"path":"F:/Nathan/Misc/GitHub/vitest-vite-react-playground/src/App.tsx","statementMap":{"0":{"start":{"line":5,"column":2},"end":{"line":7,"column":null}},"1":{"start":{"line":6,"column":4},"end":{"line":6,"column":null}},"2":{"start":{"line":9,"column":2},"end":{"line":12,"column":null}}},"fnMap":{"0":{"name":"App","decl":{"start":{"line":4,"column":9},"end":{"line":4,"column":15}},"loc":{"start":{"line":4,"column":15},"end":{"line":15,"column":null}}},"1":{"name":"(anonymous_1)","decl":{"start":{"line":5,"column":12},"end":{"line":5,"column":18}},"loc":{"start":{"line":5,"column":18},"end":{"line":7,"column":5}}}},"branchMap":{},"s":{"0":1,"1":1,"2":1},"f":{"0":1,"1":1},"b":{}}
,"F:/Nathan/Misc/GitHub/vitest-vite-react-playground/src/lib/utils.ts": {"path":"F:/Nathan/Misc/GitHub/vitest-vite-react-playground/src/lib/utils.ts","statementMap":{"0":{"start":{"line":2,"column":4},"end":{"line":2,"column":null}}},"fnMap":{"0":{"name":"sum","decl":{"start":{"line":1,"column":16},"end":{"line":1,"column":20}},"loc":{"start":{"line":1,"column":55},"end":{"line":3,"column":null}}}},"branchMap":{},"s":{"0":3},"f":{"0":3},"b":{}}
,"F:/Nathan/Misc/GitHub/vitest-vite-react-playground/src/tests/utils.ts": {"path":"F:/Nathan/Misc/GitHub/vitest-vite-react-playground/src/tests/utils.ts","statementMap":{"0":{"start":{"line":2,"column":2},"end":{"line":2,"column":null}},"1":{"start":{"line":6,"column":2},"end":{"line":8,"column":null}},"2":{"start":{"line":7,"column":4},"end":{"line":7,"column":null}},"3":{"start":{"line":11,"column":21},"end":{"line":11,"column":null}},"4":{"start":{"line":11,"column":37},"end":{"line":11,"column":null}},"5":{"start":{"line":11,"column":56},"end":{"line":11,"column":73}}},"fnMap":{"0":{"name":"addPtoBody","decl":{"start":{"line":1,"column":16},"end":{"line":1,"column":27}},"loc":{"start":{"line":1,"column":48},"end":{"line":3,"column":null}}},"1":{"name":"addPtoBodyInFuture","decl":{"start":{"line":5,"column":16},"end":{"line":5,"column":35}},"loc":{"start":{"line":5,"column":73},"end":{"line":9,"column":null}}},"2":{"name":"(anonymous_2)","decl":{"start":{"line":6,"column":13},"end":{"line":6,"column":19}},"loc":{"start":{"line":6,"column":19},"end":{"line":8,"column":5}}},"3":{"name":"(anonymous_3)","decl":{"start":{"line":11,"column":21},"end":{"line":11,"column":22}},"loc":{"start":{"line":11,"column":37},"end":{"line":11,"column":null}}},"4":{"name":"(anonymous_4)","decl":{"start":{"line":11,"column":49},"end":{"line":11,"column":50}},"loc":{"start":{"line":11,"column":56},"end":{"line":11,"column":73}}}},"branchMap":{"0":{"loc":{"start":{"line":5,"column":50},"end":{"line":5,"column":73}},"type":"default-arg","locations":[{"start":{"line":5,"column":62},"end":{"line":5,"column":73}}]}},"s":{"0":2,"1":0,"2":0,"3":2,"4":1,"5":1},"f":{"0":2,"1":0,"2":0,"3":1,"4":1},"b":{"0":[0]}}
}
